<?xml version="1.0" encoding="UTF-8"?>
<testsuite xmlns:xsi="http://www.w3.org/2001/XMLSchema-instance" xsi:noNamespaceSchemaLocation="https://maven.apache.org/surefire/maven-surefire-plugin/xsd/surefire-test-report-3.0.xsd" version="3.0" name="project.AppTest" time="0.042" tests="1" errors="0" skipped="0" failures="0">
  <properties>
    <property name="java.specification.version" value="17"/>
    <property name="sun.cpu.isalist" value="amd64"/>
    <property name="sun.jnu.encoding" value="UTF-8"/>
    <property name="java.class.path" value="C:\Users\NoC4\Downloads\minhne\minhdanghoc\CSE305\Project_clone\CSE_305_Project\target\test-classes;C:\Users\NoC4\Downloads\minhne\minhdanghoc\CSE305\Project_clone\CSE_305_Project\target\classes;C:\Users\NoC4\.m2\repository\commons-codec\commons-codec\1.11\commons-codec-1.11.jar;C:\Users\NoC4\.m2\repository\junit\junit\4.12\junit-4.12.jar;C:\Users\NoC4\.m2\repository\org\hamcrest\hamcrest-core\1.3\hamcrest-core-1.3.jar;C:\Users\NoC4\.m2\repository\javazoom\jlayer\1.0.1\jlayer-1.0.1.jar;C:\Users\NoC4\.m2\repository\org\openjfx\javafx-graphics\22-ea+16\javafx-graphics-22-ea+16.jar;C:\Users\NoC4\.m2\repository\org\openjfx\javafx-graphics\22-ea+16\javafx-graphics-22-ea+16-win.jar;C:\Users\NoC4\.m2\repository\org\openjfx\javafx-base\22-ea+16\javafx-base-22-ea+16.jar;C:\Users\NoC4\.m2\repository\org\openjfx\javafx-base\22-ea+16\javafx-base-22-ea+16-win.jar;C:\Users\NoC4\.m2\repository\org\openjfx\javafx-swing\22-ea+16\javafx-swing-22-ea+16.jar;C:\Users\NoC4\.m2\repository\org\openjfx\javafx-swing\22-ea+16\javafx-swing-22-ea+16-win.jar;C:\Users\NoC4\.m2\repository\org\webjars\font-awesome\6.4.2\font-awesome-6.4.2.jar;C:\Users\NoC4\.m2\repository\org\webjars\bower\font-awesome\4.7.0\font-awesome-4.7.0.jar;C:\Users\NoC4\.m2\repository\org\openjfx\javafx-fxml\22-ea+16\javafx-fxml-22-ea+16.jar;C:\Users\NoC4\.m2\repository\org\openjfx\javafx-fxml\22-ea+16\javafx-fxml-22-ea+16-win.jar;C:\Users\NoC4\.m2\repository\org\openjfx\javafx-controls\22-ea+16\javafx-controls-22-ea+16.jar;C:\Users\NoC4\.m2\repository\org\openjfx\javafx-controls\22-ea+16\javafx-controls-22-ea+16-win.jar;C:\Users\NoC4\.m2\repository\org\netbeans\external\AbsoluteLayout\RELEASE126\AbsoluteLayout-RELEASE126.jar;C:\Users\NoC4\.m2\repository\com\github\weisj\jsvg\1.2.0\jsvg-1.2.0.jar;C:\Users\NoC4\.m2\repository\com\gitee\l0km\common-image\2.8.5\common-image-2.8.5.jar;C:\Users\NoC4\.m2\repository\com\gitee\l0km\common-base\2.8.5\common-base-2.8.5.jar;C:\Users\NoC4\.m2\repository\com\formdev\flatlaf\3.2.1\flatlaf-3.2.1.jar;C:\Users\NoC4\.m2\repository\com\formdev\flatlaf-extras\3.2.1\flatlaf-extras-3.2.1.jar;C:\Users\NoC4\.m2\repository\com\formdev\flatlaf-fonts-roboto\2.137\flatlaf-fonts-roboto-2.137.jar;C:\Users\NoC4\.m2\repository\com\miglayout\miglayout-swing\11.2\miglayout-swing-11.2.jar;C:\Users\NoC4\.m2\repository\com\miglayout\miglayout-core\11.2\miglayout-core-11.2.jar;C:\Users\NoC4\.m2\repository\com\formdev\svgSalamander\1.1.4\svgSalamander-1.1.4.jar;C:\Users\NoC4\.m2\repository\net\java\dev\timingframework\timingframework\1.0\timingframework-1.0.jar;C:\Users\NoC4\.m2\repository\net\java\timingframework\timingframework-core\7.3.1\timingframework-core-7.3.1.jar;C:\Users\NoC4\.m2\repository\com\surelogic\promises\4.4.0\promises-4.4.0.jar;C:\Users\NoC4\.m2\repository\raven\raven-bean-pack\2\raven-bean-pack-2.jar;C:\Users\NoC4\.m2\repository\raven\swing-crazy-panel\1\swing-crazy-panel-1.jar;C:\Users\NoC4\.m2\repository\raven\swing-glassmorphism-icon\1\swing-glassmorphism-icon-1.jar;C:\Users\NoC4\.m2\repository\raven\gradient-icon-font\1\gradient-icon-font-1.jar;"/>
    <property name="java.vm.vendor" value="Oracle Corporation"/>
    <property name="sun.arch.data.model" value="64"/>
    <property name="user.variant" value=""/>
    <property name="java.vendor.url" value="https://java.oracle.com/"/>
    <property name="user.timezone" value="Asia/Saigon"/>
    <property name="os.name" value="Windows 11"/>
    <property name="java.vm.specification.version" value="17"/>
    <property name="sun.java.launcher" value="SUN_STANDARD"/>
    <property name="user.country" value="US"/>
    <property name="sun.boot.library.path" value="C:\Program Files\Java\jdk-17\bin"/>
    <property name="sun.java.command" value="C:\Users\NoC4\AppData\Local\Temp\surefire5258386004672530245\surefirebooter-20231206202947520_3.jar C:\Users\NoC4\AppData\Local\Temp\surefire5258386004672530245 2023-12-06T20-29-47_324-jvmRun1 surefire-20231206202947520_1tmp surefire_0-20231206202947520_2tmp"/>
    <property name="jdk.debug" value="release"/>
    <property name="surefire.test.class.path" value="C:\Users\NoC4\Downloads\minhne\minhdanghoc\CSE305\Project_clone\CSE_305_Project\target\test-classes;C:\Users\NoC4\Downloads\minhne\minhdanghoc\CSE305\Project_clone\CSE_305_Project\target\classes;C:\Users\NoC4\.m2\repository\commons-codec\commons-codec\1.11\commons-codec-1.11.jar;C:\Users\NoC4\.m2\repository\junit\junit\4.12\junit-4.12.jar;C:\Users\NoC4\.m2\repository\org\hamcrest\hamcrest-core\1.3\hamcrest-core-1.3.jar;C:\Users\NoC4\.m2\repository\javazoom\jlayer\1.0.1\jlayer-1.0.1.jar;C:\Users\NoC4\.m2\repository\org\openjfx\javafx-graphics\22-ea+16\javafx-graphics-22-ea+16.jar;C:\Users\NoC4\.m2\repository\org\openjfx\javafx-graphics\22-ea+16\javafx-graphics-22-ea+16-win.jar;C:\Users\NoC4\.m2\repository\org\openjfx\javafx-base\22-ea+16\javafx-base-22-ea+16.jar;C:\Users\NoC4\.m2\repository\org\openjfx\javafx-base\22-ea+16\javafx-base-22-ea+16-win.jar;C:\Users\NoC4\.m2\repository\org\openjfx\javafx-swing\22-ea+16\javafx-swing-22-ea+16.jar;C:\Users\NoC4\.m2\repository\org\openjfx\javafx-swing\22-ea+16\javafx-swing-22-ea+16-win.jar;C:\Users\NoC4\.m2\repository\org\webjars\font-awesome\6.4.2\font-awesome-6.4.2.jar;C:\Users\NoC4\.m2\repository\org\webjars\bower\font-awesome\4.7.0\font-awesome-4.7.0.jar;C:\Users\NoC4\.m2\repository\org\openjfx\javafx-fxml\22-ea+16\javafx-fxml-22-ea+16.jar;C:\Users\NoC4\.m2\repository\org\openjfx\javafx-fxml\22-ea+16\javafx-fxml-22-ea+16-win.jar;C:\Users\NoC4\.m2\repository\org\openjfx\javafx-controls\22-ea+16\javafx-controls-22-ea+16.jar;C:\Users\NoC4\.m2\repository\org\openjfx\javafx-controls\22-ea+16\javafx-controls-22-ea+16-win.jar;C:\Users\NoC4\.m2\repository\org\netbeans\external\AbsoluteLayout\RELEASE126\AbsoluteLayout-RELEASE126.jar;C:\Users\NoC4\.m2\repository\com\github\weisj\jsvg\1.2.0\jsvg-1.2.0.jar;C:\Users\NoC4\.m2\repository\com\gitee\l0km\common-image\2.8.5\common-image-2.8.5.jar;C:\Users\NoC4\.m2\repository\com\gitee\l0km\common-base\2.8.5\common-base-2.8.5.jar;C:\Users\NoC4\.m2\repository\com\formdev\flatlaf\3.2.1\flatlaf-3.2.1.jar;C:\Users\NoC4\.m2\repository\com\formdev\flatlaf-extras\3.2.1\flatlaf-extras-3.2.1.jar;C:\Users\NoC4\.m2\repository\com\formdev\flatlaf-fonts-roboto\2.137\flatlaf-fonts-roboto-2.137.jar;C:\Users\NoC4\.m2\repository\com\miglayout\miglayout-swing\11.2\miglayout-swing-11.2.jar;C:\Users\NoC4\.m2\repository\com\miglayout\miglayout-core\11.2\miglayout-core-11.2.jar;C:\Users\NoC4\.m2\repository\com\formdev\svgSalamander\1.1.4\svgSalamander-1.1.4.jar;C:\Users\NoC4\.m2\repository\net\java\dev\timingframework\timingframework\1.0\timingframework-1.0.jar;C:\Users\NoC4\.m2\repository\net\java\timingframework\timingframework-core\7.3.1\timingframework-core-7.3.1.jar;C:\Users\NoC4\.m2\repository\com\surelogic\promises\4.4.0\promises-4.4.0.jar;C:\Users\NoC4\.m2\repository\raven\raven-bean-pack\2\raven-bean-pack-2.jar;C:\Users\NoC4\.m2\repository\raven\swing-crazy-panel\1\swing-crazy-panel-1.jar;C:\Users\NoC4\.m2\repository\raven\swing-glassmorphism-icon\1\swing-glassmorphism-icon-1.jar;C:\Users\NoC4\.m2\repository\raven\gradient-icon-font\1\gradient-icon-font-1.jar;"/>
    <property name="sun.cpu.endian" value="little"/>
    <property name="user.home" value="C:\Users\NoC4"/>
    <property name="user.language" value="en"/>
    <property name="java.specification.vendor" value="Oracle Corporation"/>
    <property name="java.version.date" value="2023-07-18"/>
    <property name="java.home" value="C:\Program Files\Java\jdk-17"/>
    <property name="file.separator" value="\"/>
    <property name="basedir" value="C:\Users\NoC4\Downloads\minhne\minhdanghoc\CSE305\Project_clone\CSE_305_Project"/>
    <property name="java.vm.compressedOopsMode" value="Zero based"/>
    <property name="line.separator" value="&#10;"/>
    <property name="java.vm.specification.vendor" value="Oracle Corporation"/>
    <property name="java.specification.name" value="Java Platform API Specification"/>
    <property name="surefire.real.class.path" value="C:\Users\NoC4\AppData\Local\Temp\surefire5258386004672530245\surefirebooter-20231206202947520_3.jar"/>
    <property name="user.script" value=""/>
    <property name="sun.management.compiler" value="HotSpot 64-Bit Tiered Compilers"/>
    <property name="java.runtime.version" value="17.0.8+9-LTS-211"/>
    <property name="user.name" value="NoC4"/>
    <property name="path.separator" value=";"/>
    <property name="os.version" value="10.0"/>
    <property name="java.runtime.name" value="Java(TM) SE Runtime Environment"/>
    <property name="file.encoding" value="UTF-8"/>
    <property name="java.vm.name" value="Java HotSpot(TM) 64-Bit Server VM"/>
    <property name="localRepository" value="C:\Users\NoC4\.m2\repository"/>
    <property name="java.vendor.url.bug" value="https://bugreport.java.com/bugreport/"/>
    <property name="java.io.tmpdir" value="C:\Users\NoC4\AppData\Local\Temp\"/>
    <property name="java.version" value="17.0.8"/>
    <property name="user.dir" value="C:\Users\NoC4\Downloads\minhne\minhdanghoc\CSE305\Project_clone\CSE_305_Project"/>
    <property name="os.arch" value="amd64"/>
    <property name="java.vm.specification.name" value="Java Virtual Machine Specification"/>
    <property name="sun.os.patch.level" value=""/>
    <property name="native.encoding" value="UTF-8"/>
    <property name="java.library.path" value="C:\Program Files\Java\jdk-17\bin;C:\WINDOWS\Sun\Java\bin;C:\WINDOWS\system32;C:\WINDOWS;C:\Program Files\PowerShell\7;C:\Program Files\Common Files\Oracle\Java\javapath;C:\WINDOWS\system32;C:\WINDOWS;C:\WINDOWS\System32\Wbem;C:\WINDOWS\System32\WindowsPowerShell\v1.0\;C:\WINDOWS\System32\OpenSSH\;C:\ProgramData\chocolatey\bin;C:\Program Files\dotnet\;C:\Program Files\Git\cmd;C:\ProgramData\chocolatey\lib\maven\apache-maven-3.9.5\bin;C:\Program Files\PowerShell\7\;C:\Program Files\Go\bin;C:\Users\NoC4\AppData\Local\Programs\Python\Python312\Scripts\;C:\Users\NoC4\AppData\Local\Programs\Python\Python312\;C:\Users\NoC4\AppData\Local\Programs\Python\Launcher\;C:\Users\NoC4\AppData\Local\Microsoft\WindowsApps;C:\Users\NoC4\AppData\Local\Programs\Microsoft VS Code\bin;C:\Users\NoC4\AppData\Local\GitHubDesktop\bin;C:\Users\NoC4\go\bin;."/>
    <property name="java.vm.info" value="mixed mode, sharing"/>
    <property name="java.vendor" value="Oracle Corporation"/>
    <property name="java.vm.version" value="17.0.8+9-LTS-211"/>
    <property name="sun.io.unicode.encoding" value="UnicodeLittle"/>
    <property name="java.class.version" value="61.0"/>
  </properties>
  <testcase name="testApp" classname="project.AppTest" time="0.001"/>
</testsuite>