<?xml version="1.0" encoding="UTF-8"?>
<testsuite xmlns:xsi="http://www.w3.org/2001/XMLSchema-instance" xsi:noNamespaceSchemaLocation="https://maven.apache.org/surefire/maven-surefire-plugin/xsd/surefire-test-report-3.0.xsd" version="3.0" name="project.AppTest" time="0.066" tests="1" errors="0" skipped="0" failures="0">
  <properties>
    <property name="java.specification.version" value="21"/>
    <property name="sun.cpu.isalist" value="amd64"/>
    <property name="sun.jnu.encoding" value="Cp1252"/>
    <property name="java.class.path" value="D:\Project\CSE305_PROJECT\target\test-classes;D:\Project\CSE305_PROJECT\target\classes;C:\Users\Duc\.m2\repository\commons-codec\commons-codec\1.11\commons-codec-1.11.jar;C:\Users\Duc\.m2\repository\junit\junit\4.12\junit-4.12.jar;C:\Users\Duc\.m2\repository\org\hamcrest\hamcrest-core\1.3\hamcrest-core-1.3.jar;C:\Users\Duc\.m2\repository\javazoom\jlayer\1.0.1\jlayer-1.0.1.jar;C:\Users\Duc\.m2\repository\org\openjfx\javafx-graphics\22-ea+16\javafx-graphics-22-ea+16.jar;C:\Users\Duc\.m2\repository\org\openjfx\javafx-graphics\22-ea+16\javafx-graphics-22-ea+16-win.jar;C:\Users\Duc\.m2\repository\org\openjfx\javafx-base\22-ea+16\javafx-base-22-ea+16.jar;C:\Users\Duc\.m2\repository\org\openjfx\javafx-base\22-ea+16\javafx-base-22-ea+16-win.jar;C:\Users\Duc\.m2\repository\org\openjfx\javafx-swing\22-ea+16\javafx-swing-22-ea+16.jar;C:\Users\Duc\.m2\repository\org\openjfx\javafx-swing\22-ea+16\javafx-swing-22-ea+16-win.jar;C:\Users\Duc\.m2\repository\org\webjars\font-awesome\6.4.2\font-awesome-6.4.2.jar;C:\Users\Duc\.m2\repository\org\webjars\bower\font-awesome\4.7.0\font-awesome-4.7.0.jar;C:\Users\Duc\.m2\repository\org\openjfx\javafx-fxml\22-ea+16\javafx-fxml-22-ea+16.jar;C:\Users\Duc\.m2\repository\org\openjfx\javafx-fxml\22-ea+16\javafx-fxml-22-ea+16-win.jar;C:\Users\Duc\.m2\repository\org\openjfx\javafx-controls\22-ea+16\javafx-controls-22-ea+16.jar;C:\Users\Duc\.m2\repository\org\openjfx\javafx-controls\22-ea+16\javafx-controls-22-ea+16-win.jar;C:\Users\Duc\.m2\repository\org\netbeans\external\AbsoluteLayout\RELEASE126\AbsoluteLayout-RELEASE126.jar;C:\Users\Duc\.m2\repository\com\github\weisj\jsvg\1.2.0\jsvg-1.2.0.jar;C:\Users\Duc\.m2\repository\com\gitee\l0km\common-image\2.8.5\common-image-2.8.5.jar;C:\Users\Duc\.m2\repository\com\gitee\l0km\common-base\2.8.5\common-base-2.8.5.jar;C:\Users\Duc\.m2\repository\com\formdev\flatlaf\3.2.1\flatlaf-3.2.1.jar;C:\Users\Duc\.m2\repository\com\formdev\flatlaf-extras\3.2.1\flatlaf-extras-3.2.1.jar;C:\Users\Duc\.m2\repository\com\formdev\flatlaf-fonts-roboto\2.137\flatlaf-fonts-roboto-2.137.jar;C:\Users\Duc\.m2\repository\com\miglayout\miglayout-swing\11.2\miglayout-swing-11.2.jar;C:\Users\Duc\.m2\repository\com\miglayout\miglayout-core\11.2\miglayout-core-11.2.jar;C:\Users\Duc\.m2\repository\com\formdev\svgSalamander\1.1.4\svgSalamander-1.1.4.jar;C:\Users\Duc\.m2\repository\net\java\dev\timingframework\timingframework\1.0\timingframework-1.0.jar;C:\Users\Duc\.m2\repository\net\java\timingframework\timingframework-core\7.3.1\timingframework-core-7.3.1.jar;C:\Users\Duc\.m2\repository\com\surelogic\promises\4.4.0\promises-4.4.0.jar;C:\Users\Duc\.m2\repository\raven\raven-bean-pack\2\raven-bean-pack-2.jar;C:\Users\Duc\.m2\repository\raven\swing-crazy-panel\1\swing-crazy-panel-1.jar;C:\Users\Duc\.m2\repository\raven\swing-glassmorphism-icon\1\swing-glassmorphism-icon-1.jar;C:\Users\Duc\.m2\repository\raven\gradient-icon-font\1\gradient-icon-font-1.jar;"/>
    <property name="java.vm.vendor" value="Azul Systems, Inc."/>
    <property name="sun.arch.data.model" value="64"/>
    <property name="user.variant" value=""/>
    <property name="java.vendor.url" value="http://www.azul.com/"/>
    <property name="user.timezone" value="Asia/Bangkok"/>
    <property name="os.name" value="Windows 11"/>
    <property name="java.vm.specification.version" value="21"/>
    <property name="sun.java.launcher" value="SUN_STANDARD"/>
    <property name="user.country" value="US"/>
    <property name="sun.boot.library.path" value="C:\Program Files\Zulu\zulu-21\bin"/>
    <property name="sun.java.command" value="C:\Users\Duc\AppData\Local\Temp\surefire5727502302201312861\surefirebooter-20231205162003255_3.jar C:\Users\Duc\AppData\Local\Temp\surefire5727502302201312861 2023-12-05T16-20-03_075-jvmRun1 surefire-20231205162003255_1tmp surefire_0-20231205162003255_2tmp"/>
    <property name="jdk.debug" value="release"/>
    <property name="surefire.test.class.path" value="D:\Project\CSE305_PROJECT\target\test-classes;D:\Project\CSE305_PROJECT\target\classes;C:\Users\Duc\.m2\repository\commons-codec\commons-codec\1.11\commons-codec-1.11.jar;C:\Users\Duc\.m2\repository\junit\junit\4.12\junit-4.12.jar;C:\Users\Duc\.m2\repository\org\hamcrest\hamcrest-core\1.3\hamcrest-core-1.3.jar;C:\Users\Duc\.m2\repository\javazoom\jlayer\1.0.1\jlayer-1.0.1.jar;C:\Users\Duc\.m2\repository\org\openjfx\javafx-graphics\22-ea+16\javafx-graphics-22-ea+16.jar;C:\Users\Duc\.m2\repository\org\openjfx\javafx-graphics\22-ea+16\javafx-graphics-22-ea+16-win.jar;C:\Users\Duc\.m2\repository\org\openjfx\javafx-base\22-ea+16\javafx-base-22-ea+16.jar;C:\Users\Duc\.m2\repository\org\openjfx\javafx-base\22-ea+16\javafx-base-22-ea+16-win.jar;C:\Users\Duc\.m2\repository\org\openjfx\javafx-swing\22-ea+16\javafx-swing-22-ea+16.jar;C:\Users\Duc\.m2\repository\org\openjfx\javafx-swing\22-ea+16\javafx-swing-22-ea+16-win.jar;C:\Users\Duc\.m2\repository\org\webjars\font-awesome\6.4.2\font-awesome-6.4.2.jar;C:\Users\Duc\.m2\repository\org\webjars\bower\font-awesome\4.7.0\font-awesome-4.7.0.jar;C:\Users\Duc\.m2\repository\org\openjfx\javafx-fxml\22-ea+16\javafx-fxml-22-ea+16.jar;C:\Users\Duc\.m2\repository\org\openjfx\javafx-fxml\22-ea+16\javafx-fxml-22-ea+16-win.jar;C:\Users\Duc\.m2\repository\org\openjfx\javafx-controls\22-ea+16\javafx-controls-22-ea+16.jar;C:\Users\Duc\.m2\repository\org\openjfx\javafx-controls\22-ea+16\javafx-controls-22-ea+16-win.jar;C:\Users\Duc\.m2\repository\org\netbeans\external\AbsoluteLayout\RELEASE126\AbsoluteLayout-RELEASE126.jar;C:\Users\Duc\.m2\repository\com\github\weisj\jsvg\1.2.0\jsvg-1.2.0.jar;C:\Users\Duc\.m2\repository\com\gitee\l0km\common-image\2.8.5\common-image-2.8.5.jar;C:\Users\Duc\.m2\repository\com\gitee\l0km\common-base\2.8.5\common-base-2.8.5.jar;C:\Users\Duc\.m2\repository\com\formdev\flatlaf\3.2.1\flatlaf-3.2.1.jar;C:\Users\Duc\.m2\repository\com\formdev\flatlaf-extras\3.2.1\flatlaf-extras-3.2.1.jar;C:\Users\Duc\.m2\repository\com\formdev\flatlaf-fonts-roboto\2.137\flatlaf-fonts-roboto-2.137.jar;C:\Users\Duc\.m2\repository\com\miglayout\miglayout-swing\11.2\miglayout-swing-11.2.jar;C:\Users\Duc\.m2\repository\com\miglayout\miglayout-core\11.2\miglayout-core-11.2.jar;C:\Users\Duc\.m2\repository\com\formdev\svgSalamander\1.1.4\svgSalamander-1.1.4.jar;C:\Users\Duc\.m2\repository\net\java\dev\timingframework\timingframework\1.0\timingframework-1.0.jar;C:\Users\Duc\.m2\repository\net\java\timingframework\timingframework-core\7.3.1\timingframework-core-7.3.1.jar;C:\Users\Duc\.m2\repository\com\surelogic\promises\4.4.0\promises-4.4.0.jar;C:\Users\Duc\.m2\repository\raven\raven-bean-pack\2\raven-bean-pack-2.jar;C:\Users\Duc\.m2\repository\raven\swing-crazy-panel\1\swing-crazy-panel-1.jar;C:\Users\Duc\.m2\repository\raven\swing-glassmorphism-icon\1\swing-glassmorphism-icon-1.jar;C:\Users\Duc\.m2\repository\raven\gradient-icon-font\1\gradient-icon-font-1.jar;"/>
    <property name="sun.cpu.endian" value="little"/>
    <property name="user.home" value="C:\Users\Duc"/>
    <property name="user.language" value="en"/>
    <property name="java.specification.vendor" value="Oracle Corporation"/>
    <property name="java.version.date" value="2023-10-17"/>
    <property name="java.home" value="C:\Program Files\Zulu\zulu-21"/>
    <property name="file.separator" value="\"/>
    <property name="basedir" value="D:\Project\CSE305_PROJECT"/>
    <property name="java.vm.compressedOopsMode" value="Zero based"/>
    <property name="line.separator" value="&#10;"/>
    <property name="java.vm.specification.vendor" value="Oracle Corporation"/>
    <property name="java.specification.name" value="Java Platform API Specification"/>
    <property name="surefire.real.class.path" value="C:\Users\Duc\AppData\Local\Temp\surefire5727502302201312861\surefirebooter-20231205162003255_3.jar"/>
    <property name="user.script" value=""/>
    <property name="sun.management.compiler" value="HotSpot 64-Bit Tiered Compilers"/>
    <property name="java.runtime.version" value="21.0.1+12-LTS"/>
    <property name="user.name" value="Duc"/>
    <property name="stdout.encoding" value="Cp1252"/>
    <property name="path.separator" value=";"/>
    <property name="os.version" value="10.0"/>
    <property name="java.runtime.name" value="OpenJDK Runtime Environment"/>
    <property name="file.encoding" value="UTF-8"/>
    <property name="java.vm.name" value="OpenJDK 64-Bit Server VM"/>
    <property name="java.vendor.version" value="Zulu21.30+15-CA"/>
    <property name="localRepository" value="C:\Users\Duc\.m2\repository"/>
    <property name="java.vendor.url.bug" value="http://www.azul.com/support/"/>
    <property name="java.io.tmpdir" value="C:\Users\Duc\AppData\Local\Temp\"/>
    <property name="java.version" value="21.0.1"/>
    <property name="user.dir" value="D:\Project\CSE305_PROJECT"/>
    <property name="os.arch" value="amd64"/>
    <property name="java.vm.specification.name" value="Java Virtual Machine Specification"/>
    <property name="sun.os.patch.level" value=""/>
    <property name="native.encoding" value="Cp1252"/>
    <property name="java.library.path" value="C:\Program Files\Zulu\zulu-21\bin;C:\Windows\Sun\Java\bin;C:\Windows\system32;C:\Windows;C:\Program Files\PowerShell\7;C:\Program Files\Zulu\zulu-21\bin\;C:\Program Files\Zulu\zulu-19\bin\;C:\Program Files\Alacritty\;C:\Program Files\Common Files\Oracle\Java\javapath;C:\Python312\Scripts\;C:\Python312\;C:\Windows\system32;C:\Windows;C:\Windows\System32\Wbem;C:\Windows\System32\WindowsPowerShell\v1.0\;C:\Windows\System32\OpenSSH\;C:\ProgramData\chocolatey\bin;C:\Program Files\dotnet\;C:\Users\Duc\AppData\Local\Programs\WingetUI\choco-cli\bin;C:\Program Files\PowerShell\7\;C:\Program Files\Git\cmd;C:\Users\Duc\AppData\Local\Programs\WingetUI\choco-cli\lib\maven\apache-maven-3.9.6\bin;C:\Users\Duc\scoop\shims;C:\Users\Duc\AppData\Local\Microsoft\WindowsApps;C:\Users\Duc\AppData\Local\Programs\Microsoft VS Code\bin;C:\Users\Duc\AppData\Local\GitHubDesktop\bin;C:\Users\Duc\AppData\Local\Microsoft\WinGet\Packages\JesseDuffield.lazygit_Microsoft.Winget.Source_8wekyb3d8bbwe;C:\Users\Duc\AppData\Local\gitkraken\bin;C:\Users\Duc\AppData\Local\Programs\oh-my-posh\bin;C:\Users\Duc\AppData\Local\Programs\VSCodium\bin;C:\Users\Duc\AppData\Local\Programs\Microsoft VS Code Insiders\bin;."/>
    <property name="java.vm.info" value="mixed mode, sharing"/>
    <property name="stderr.encoding" value="Cp1252"/>
    <property name="java.vendor" value="Azul Systems, Inc."/>
    <property name="java.vm.version" value="21.0.1+12-LTS"/>
    <property name="sun.io.unicode.encoding" value="UnicodeLittle"/>
    <property name="java.class.version" value="65.0"/>
  </properties>
  <testcase name="testApp" classname="project.AppTest" time="0.006"/>
</testsuite>